<?xml version="1.0" encoding="UTF-8"?>
<!-- Generated by org.testng.reporters.JUnitReportReporter -->
<testsuite skipped="1" hostname="Sachin-Sharma" name="com.qa.trcrm.tests.LoginPageTest" tests="4" failures="0" timestamp="22 Feb 2022 17:07:28 GMT" time="12.978" errors="0">
  <testcase name="verifyLoginPageTitleTest" time="0.199" classname="com.qa.trcrm.tests.LoginPageTest"/>
  <testcase name="verifySignUpLinkTest" time="0.264" classname="com.qa.trcrm.tests.LoginPageTest"/>
  <testcase name="verifyLoginTest" time="12.515" classname="com.qa.trcrm.tests.LoginPageTest"/>
  <testcase name="login_InvalidTestCases" classname="com.qa.trcrm.tests.LoginPageTest">
    <skipped/>
  </testcase> <!-- login_InvalidTestCases -->
</testsuite> <!-- com.qa.trcrm.tests.LoginPageTest -->
