<?xml version="1.0" encoding="UTF-8"?>
<!-- Generated by org.testng.reporters.JUnitReportReporter -->
<testsuite skipped="1" hostname="Sachin-Sharma" name="com.qa.trcrm.tests.LoginPageTest" tests="2" failures="0" timestamp="22 Feb 2022 17:07:28 GMT" time="19.007" errors="0">
  <testcase name="verifyLoginTest" time="19.007" classname="com.qa.trcrm.tests.LoginPageTest"/>
  <testcase name="login_InvalidTestCases" classname="com.qa.trcrm.tests.LoginPageTest">
    <skipped/>
  </testcase> <!-- login_InvalidTestCases -->
</testsuite> <!-- com.qa.trcrm.tests.LoginPageTest -->
